Sat Dec 06 14:12:55 EET 2014 : Сетевой сервер Apache Derby Network Server - 10.8.3.2 - (1557835) запущен и готов принимать соединения на порту 1527 на {3} 
----------------------------------------------------------------
Sat Dec 06 14:12:56 EET 2014:
 Производится загрузка Derby версии The Apache Software Foundation - Apache Derby - 10.8.3.2 - (1557835): экземпляр a816c00e-014a-1f84-5b4b-00000589de74
в каталоге базы данных D:\Docs_Masha\Java\DentalClinic\data\dentalclinicdb  sun.misc.Launcher$AppClassLoader@10385c1 

java.vendor=Oracle Corporation
java.runtime.version=1.7.0_67-b01
user.dir=C:\Program Files\Java\jdk1.7.0_67\db
os.name=Windows 7
os.arch=x86
os.version=6.1
derby.system.home=D:\Docs_Masha\Java\DentalClinic\data
Запущен загрузчик классов базы данных - derby.database.classpath=''
----------------------------------------------------------------
Sat Dec 06 14:13:02 EET 2014:
Завершается работа экземпляра a816c00e-014a-1f84-5b4b-00000589de74
Sat Dec 06 14:13:03 EET 2014 Thread[DRDAConnThread_3,5,main] (DATABASE = dentalclinicdb), (DRDAID = {2}), База данных 'dentalclinicdb' завершила работу.
----------------------------------------------------------------
Sat Dec 06 14:13:07 EET 2014:
 Производится загрузка Derby версии The Apache Software Foundation - Apache Derby - 10.8.3.2 - (1557835): экземпляр 6c44409f-014a-1f84-5b4b-00000589de74
в каталоге базы данных D:\Docs_Masha\Java\DentalClinic\data\dentalclinicdb  sun.misc.Launcher$AppClassLoader@10385c1 

java.vendor=Oracle Corporation
java.runtime.version=1.7.0_67-b01
user.dir=C:\Program Files\Java\jdk1.7.0_67\db
os.name=Windows 7
os.arch=x86
os.version=6.1
derby.system.home=D:\Docs_Masha\Java\DentalClinic\data
Запущен загрузчик классов базы данных - derby.database.classpath=''
